0 info it worked if it ends with ok
1 verbose cli [ 'C:\\Program Files\\nodejs\\node.exe',
1 verbose cli   'C:\\Program Files\\nodejs\\node_modules\\npm\\bin\\npm-cli.js',
1 verbose cli   'i',
1 verbose cli   '--save',
1 verbose cli   'sleep' ]
2 info using npm@3.10.10
3 info using node@v6.9.5
4 silly loadCurrentTree Starting
5 silly install loadCurrentTree
6 silly install readLocalPackageData
7 silly fetchPackageMetaData sleep
8 silly fetchNamedPackageData sleep
9 silly mapToRegistry name sleep
10 silly mapToRegistry using default registry
11 silly mapToRegistry registry https://registry.npmjs.org/
12 silly mapToRegistry data Result {
12 silly mapToRegistry   raw: 'sleep',
12 silly mapToRegistry   scope: null,
12 silly mapToRegistry   escapedName: 'sleep',
12 silly mapToRegistry   name: 'sleep',
12 silly mapToRegistry   rawSpec: '',
12 silly mapToRegistry   spec: 'latest',
12 silly mapToRegistry   type: 'tag' }
13 silly mapToRegistry uri https://registry.npmjs.org/sleep
14 verbose request uri https://registry.npmjs.org/sleep
15 verbose request no auth needed
16 info attempt registry request try #1 at 6:16:21 PM
17 verbose request id 7433eaee10fa0903
18 http request GET https://registry.npmjs.org/sleep
19 http 200 https://registry.npmjs.org/sleep
20 verbose headers { server: 'nginx/1.10.1',
20 verbose headers   'content-type': 'application/json',
20 verbose headers   'last-modified': 'Sat, 21 Oct 2017 12:42:39 GMT',
20 verbose headers   etag: 'W/"59eb40bf-574c"',
20 verbose headers   'content-encoding': 'gzip',
20 verbose headers   'cache-control': 'max-age=300',
20 verbose headers   'content-length': '3099',
20 verbose headers   'accept-ranges': 'bytes',
20 verbose headers   date: 'Sun, 29 Oct 2017 22:16:24 GMT',
20 verbose headers   via: '1.1 varnish',
20 verbose headers   age: '0',
20 verbose headers   connection: 'keep-alive',
20 verbose headers   'x-served-by': 'cache-ord1744-ORD',
20 verbose headers   'x-cache': 'HIT',
20 verbose headers   'x-cache-hits': '1',
20 verbose headers   'x-timer': 'S1509315384.962074,VS0,VE149',
20 verbose headers   vary: 'Accept-Encoding, Accept' }
21 silly get cb [ 200,
21 silly get   { server: 'nginx/1.10.1',
21 silly get     'content-type': 'application/json',
21 silly get     'last-modified': 'Sat, 21 Oct 2017 12:42:39 GMT',
21 silly get     etag: 'W/"59eb40bf-574c"',
21 silly get     'content-encoding': 'gzip',
21 silly get     'cache-control': 'max-age=300',
21 silly get     'content-length': '3099',
21 silly get     'accept-ranges': 'bytes',
21 silly get     date: 'Sun, 29 Oct 2017 22:16:24 GMT',
21 silly get     via: '1.1 varnish',
21 silly get     age: '0',
21 silly get     connection: 'keep-alive',
21 silly get     'x-served-by': 'cache-ord1744-ORD',
21 silly get     'x-cache': 'HIT',
21 silly get     'x-cache-hits': '1',
21 silly get     'x-timer': 'S1509315384.962074,VS0,VE149',
21 silly get     vary: 'Accept-Encoding, Accept' } ]
22 verbose get saving sleep to C:\Users\Joey\AppData\Roaming\npm-cache\registry.npmjs.org\sleep\.cache.json
23 verbose correctMkdir C:\Users\Joey\AppData\Roaming\npm-cache correctMkdir not in flight; initializing
24 silly install normalizeTree
25 silly loadCurrentTree Finishing
26 silly loadIdealTree Starting
27 silly install loadIdealTree
28 silly cloneCurrentTree Starting
29 silly install cloneCurrentTreeToIdealTree
30 silly cloneCurrentTree Finishing
31 silly loadShrinkwrap Starting
32 silly install loadShrinkwrap
33 silly loadShrinkwrap Finishing
34 silly loadAllDepsIntoIdealTree Starting
35 silly install loadAllDepsIntoIdealTree
36 silly resolveWithNewModule sleep@5.1.1 checking installable status
37 silly cache add args [ 'sleep', null ]
38 verbose cache add spec sleep
39 silly cache add parsed spec Result {
39 silly cache add   raw: 'sleep',
39 silly cache add   scope: null,
39 silly cache add   escapedName: 'sleep',
39 silly cache add   name: 'sleep',
39 silly cache add   rawSpec: '',
39 silly cache add   spec: 'latest',
39 silly cache add   type: 'tag' }
40 silly addNamed sleep@latest
41 verbose addNamed "latest" is being treated as a dist-tag for sleep
42 info addNameTag [ 'sleep', 'latest' ]
43 silly mapToRegistry name sleep
44 silly mapToRegistry using default registry
45 silly mapToRegistry registry https://registry.npmjs.org/
46 silly mapToRegistry data Result {
46 silly mapToRegistry   raw: 'sleep',
46 silly mapToRegistry   scope: null,
46 silly mapToRegistry   escapedName: 'sleep',
46 silly mapToRegistry   name: 'sleep',
46 silly mapToRegistry   rawSpec: '',
46 silly mapToRegistry   spec: 'latest',
46 silly mapToRegistry   type: 'tag' }
47 silly mapToRegistry uri https://registry.npmjs.org/sleep
48 verbose addNameTag registry:https://registry.npmjs.org/sleep not in flight; fetching
49 verbose get https://registry.npmjs.org/sleep not expired, no request
50 silly addNameTag next cb for sleep with tag latest
51 silly addNamed sleep@5.1.1
52 verbose addNamed "5.1.1" is a plain semver version for sleep
53 silly mapToRegistry name sleep
54 silly mapToRegistry using default registry
55 silly mapToRegistry registry https://registry.npmjs.org/
56 silly mapToRegistry data Result {
56 silly mapToRegistry   raw: 'sleep',
56 silly mapToRegistry   scope: null,
56 silly mapToRegistry   escapedName: 'sleep',
56 silly mapToRegistry   name: 'sleep',
56 silly mapToRegistry   rawSpec: '',
56 silly mapToRegistry   spec: 'latest',
56 silly mapToRegistry   type: 'tag' }
57 silly mapToRegistry uri https://registry.npmjs.org/sleep
58 verbose addRemoteTarball https://registry.npmjs.org/sleep/-/sleep-5.1.1.tgz not in flight; adding
59 verbose addRemoteTarball [ 'https://registry.npmjs.org/sleep/-/sleep-5.1.1.tgz',
59 verbose addRemoteTarball   '878fa1d44d08eeb0f26fb2018ef8629eb1a3ab94' ]
60 info retry fetch attempt 1 at 6:16:21 PM
61 info attempt registry request try #1 at 6:16:21 PM
62 http fetch GET https://registry.npmjs.org/sleep/-/sleep-5.1.1.tgz
63 http fetch 200 https://registry.npmjs.org/sleep/-/sleep-5.1.1.tgz
64 silly fetchAndShaCheck shasum 878fa1d44d08eeb0f26fb2018ef8629eb1a3ab94
65 verbose addTmpTarball C:\Users\Joey\AppData\Local\Temp\npm-1908-c6c285bd\registry.npmjs.org\sleep\-\sleep-5.1.1.tgz not in flight; adding
66 verbose addTmpTarball already have metadata; skipping unpack for sleep@5.1.1
67 verbose correctMkdir C:\Users\Joey\AppData\Roaming\npm-cache correctMkdir not in flight; initializing
68 silly cache afterAdd sleep@5.1.1
69 verbose afterAdd C:\Users\Joey\AppData\Roaming\npm-cache\sleep\5.1.1\package\package.json not in flight; writing
70 verbose correctMkdir C:\Users\Joey\AppData\Roaming\npm-cache correctMkdir not in flight; initializing
71 verbose afterAdd C:\Users\Joey\AppData\Roaming\npm-cache\sleep\5.1.1\package\package.json written
72 silly fetchNamedPackageData nan
73 silly mapToRegistry name nan
74 silly mapToRegistry using default registry
75 silly mapToRegistry registry https://registry.npmjs.org/
76 silly mapToRegistry data Result {
76 silly mapToRegistry   raw: 'nan',
76 silly mapToRegistry   scope: null,
76 silly mapToRegistry   escapedName: 'nan',
76 silly mapToRegistry   name: 'nan',
76 silly mapToRegistry   rawSpec: '',
76 silly mapToRegistry   spec: 'latest',
76 silly mapToRegistry   type: 'tag' }
77 silly mapToRegistry uri https://registry.npmjs.org/nan
78 verbose request uri https://registry.npmjs.org/nan
79 verbose request no auth needed
80 info attempt registry request try #1 at 6:16:22 PM
81 verbose etag W/"597a1ce5-1fa1a"
82 verbose lastModified Thu, 27 Jul 2017 17:03:33 GMT
83 http request GET https://registry.npmjs.org/nan
84 http 200 https://registry.npmjs.org/nan
85 verbose headers { server: 'nginx/1.10.1',
85 verbose headers   'content-type': 'application/json',
85 verbose headers   'last-modified': 'Tue, 24 Oct 2017 02:55:03 GMT',
85 verbose headers   etag: 'W/"59eeab87-20247"',
85 verbose headers   'content-encoding': 'gzip',
85 verbose headers   'cache-control': 'max-age=300',
85 verbose headers   'content-length': '15444',
85 verbose headers   'accept-ranges': 'bytes',
85 verbose headers   date: 'Sun, 29 Oct 2017 22:16:24 GMT',
85 verbose headers   via: '1.1 varnish',
85 verbose headers   age: '280',
85 verbose headers   connection: 'keep-alive',
85 verbose headers   'x-served-by': 'cache-ord1744-ORD',
85 verbose headers   'x-cache': 'HIT',
85 verbose headers   'x-cache-hits': '1',
85 verbose headers   'x-timer': 'S1509315384.443593,VS0,VE1',
85 verbose headers   vary: 'Accept-Encoding, Accept' }
86 silly get cb [ 200,
86 silly get   { server: 'nginx/1.10.1',
86 silly get     'content-type': 'application/json',
86 silly get     'last-modified': 'Tue, 24 Oct 2017 02:55:03 GMT',
86 silly get     etag: 'W/"59eeab87-20247"',
86 silly get     'content-encoding': 'gzip',
86 silly get     'cache-control': 'max-age=300',
86 silly get     'content-length': '15444',
86 silly get     'accept-ranges': 'bytes',
86 silly get     date: 'Sun, 29 Oct 2017 22:16:24 GMT',
86 silly get     via: '1.1 varnish',
86 silly get     age: '280',
86 silly get     connection: 'keep-alive',
86 silly get     'x-served-by': 'cache-ord1744-ORD',
86 silly get     'x-cache': 'HIT',
86 silly get     'x-cache-hits': '1',
86 silly get     'x-timer': 'S1509315384.443593,VS0,VE1',
86 silly get     vary: 'Accept-Encoding, Accept' } ]
87 verbose get saving nan to C:\Users\Joey\AppData\Roaming\npm-cache\registry.npmjs.org\nan\.cache.json
88 verbose correctMkdir C:\Users\Joey\AppData\Roaming\npm-cache correctMkdir not in flight; initializing
89 silly resolveWithNewModule nan@2.7.0 checking installable status
90 silly cache add args [ 'nan@>=2.5.1', null ]
91 verbose cache add spec nan@>=2.5.1
92 silly cache add parsed spec Result {
92 silly cache add   raw: 'nan@>=2.5.1',
92 silly cache add   scope: null,
92 silly cache add   escapedName: 'nan',
92 silly cache add   name: 'nan',
92 silly cache add   rawSpec: '>=2.5.1',
92 silly cache add   spec: '>=2.5.1',
92 silly cache add   type: 'range' }
93 silly addNamed nan@>=2.5.1
94 verbose addNamed ">=2.5.1" is a valid semver range for nan
95 silly addNameRange { name: 'nan', range: '>=2.5.1', hasData: false }
96 silly mapToRegistry name nan
97 silly mapToRegistry using default registry
98 silly mapToRegistry registry https://registry.npmjs.org/
99 silly mapToRegistry data Result {
99 silly mapToRegistry   raw: 'nan',
99 silly mapToRegistry   scope: null,
99 silly mapToRegistry   escapedName: 'nan',
99 silly mapToRegistry   name: 'nan',
99 silly mapToRegistry   rawSpec: '',
99 silly mapToRegistry   spec: 'latest',
99 silly mapToRegistry   type: 'tag' }
100 silly mapToRegistry uri https://registry.npmjs.org/nan
101 verbose addNameRange registry:https://registry.npmjs.org/nan not in flight; fetching
102 verbose get https://registry.npmjs.org/nan not expired, no request
103 silly addNameRange number 2 { name: 'nan', range: '>=2.5.1', hasData: true }
104 silly addNameRange versions [ 'nan',
104 silly addNameRange   [ '0.3.0-wip',
104 silly addNameRange     '0.3.0-wip2',
104 silly addNameRange     '0.3.0',
104 silly addNameRange     '0.3.1',
104 silly addNameRange     '0.3.2',
104 silly addNameRange     '0.4.0',
104 silly addNameRange     '0.4.1',
104 silly addNameRange     '0.4.2',
104 silly addNameRange     '0.4.3',
104 silly addNameRange     '0.4.4',
104 silly addNameRange     '0.5.0',
104 silly addNameRange     '0.5.1',
104 silly addNameRange     '0.5.2',
104 silly addNameRange     '0.6.0',
104 silly addNameRange     '0.7.0',
104 silly addNameRange     '0.7.1',
104 silly addNameRange     '0.8.0',
104 silly addNameRange     '1.0.0',
104 silly addNameRange     '1.1.0',
104 silly addNameRange     '1.1.1',
104 silly addNameRange     '1.1.2',
104 silly addNameRange     '1.2.0',
104 silly addNameRange     '1.3.0',
104 silly addNameRange     '1.4.0',
104 silly addNameRange     '1.4.1',
104 silly addNameRange     '1.5.0',
104 silly addNameRange     '1.4.2',
104 silly addNameRange     '1.4.3',
104 silly addNameRange     '1.5.1',
104 silly addNameRange     '1.5.2',
104 silly addNameRange     '1.6.0',
104 silly addNameRange     '1.5.3',
104 silly addNameRange     '1.6.1',
104 silly addNameRange     '1.6.2',
104 silly addNameRange     '1.7.0',
104 silly addNameRange     '1.8.0',
104 silly addNameRange     '1.8.1',
104 silly addNameRange     '1.8.2',
104 silly addNameRange     '1.8.3',
104 silly addNameRange     '1.8.4',
104 silly addNameRange     '1.9.0',
104 silly addNameRange     '2.0.0',
104 silly addNameRange     '2.0.1',
104 silly addNameRange     '2.0.2',
104 silly addNameRange     '2.0.3',
104 silly addNameRange     '2.0.4',
104 silly addNameRange     '2.0.5',
104 silly addNameRange     '2.0.6',
104 silly addNameRange     '2.0.7',
104 silly addNameRange     '2.0.8',
104 silly addNameRange     '2.0.9',
104 silly addNameRange     '2.1.0',
104 silly addNameRange     '2.2.0',
104 silly addNameRange     '2.2.1',
104 silly addNameRange     '2.3.0',
104 silly addNameRange     '2.3.1',
104 silly addNameRange     '2.3.2',
104 silly addNameRange     '2.3.3',
104 silly addNameRange     '2.3.4',
104 silly addNameRange     '2.3.5',
104 silly addNameRange     '2.4.0',
104 silly addNameRange     '2.5.0',
104 silly addNameRange     '2.5.1',
104 silly addNameRange     '2.6.0',
104 silly addNameRange     '2.6.1',
104 silly addNameRange     '2.6.2',
104 silly addNameRange     '2.7.0' ] ]
105 silly addNamed nan@2.7.0
106 verbose addNamed "2.7.0" is a plain semver version for nan
107 silly mapToRegistry name nan
108 silly mapToRegistry using default registry
109 silly mapToRegistry registry https://registry.npmjs.org/
110 silly mapToRegistry data Result {
110 silly mapToRegistry   raw: 'nan',
110 silly mapToRegistry   scope: null,
110 silly mapToRegistry   escapedName: 'nan',
110 silly mapToRegistry   name: 'nan',
110 silly mapToRegistry   rawSpec: '',
110 silly mapToRegistry   spec: 'latest',
110 silly mapToRegistry   type: 'tag' }
111 silly mapToRegistry uri https://registry.npmjs.org/nan
112 verbose addRemoteTarball https://registry.npmjs.org/nan/-/nan-2.7.0.tgz not in flight; adding
113 verbose addRemoteTarball [ 'https://registry.npmjs.org/nan/-/nan-2.7.0.tgz',
113 verbose addRemoteTarball   'd95bf721ec877e08db276ed3fc6eb78f9083ad46' ]
114 info retry fetch attempt 1 at 6:16:22 PM
115 info attempt registry request try #1 at 6:16:22 PM
116 http fetch GET https://registry.npmjs.org/nan/-/nan-2.7.0.tgz
117 http fetch 200 https://registry.npmjs.org/nan/-/nan-2.7.0.tgz
118 silly fetchAndShaCheck shasum d95bf721ec877e08db276ed3fc6eb78f9083ad46
119 verbose addTmpTarball C:\Users\Joey\AppData\Local\Temp\npm-1908-c6c285bd\registry.npmjs.org\nan\-\nan-2.7.0.tgz not in flight; adding
120 verbose addTmpTarball already have metadata; skipping unpack for nan@2.7.0
121 verbose correctMkdir C:\Users\Joey\AppData\Roaming\npm-cache correctMkdir not in flight; initializing
122 silly cache afterAdd nan@2.7.0
123 verbose afterAdd C:\Users\Joey\AppData\Roaming\npm-cache\nan\2.7.0\package\package.json not in flight; writing
124 verbose correctMkdir C:\Users\Joey\AppData\Roaming\npm-cache correctMkdir not in flight; initializing
125 verbose afterAdd C:\Users\Joey\AppData\Roaming\npm-cache\nan\2.7.0\package\package.json written
126 silly loadAllDepsIntoIdealTree Finishing
127 silly loadIdealTree Finishing
128 silly currentTree caught-bot@1.0.0
128 silly currentTree +-- ajv@5.3.0
128 silly currentTree +-- array.prototype.findindex@2.0.2
128 silly currentTree +-- asn1@0.2.3
128 silly currentTree +-- assert-plus@1.0.0
128 silly currentTree +-- asynckit@0.4.0
128 silly currentTree +-- aws-sign2@0.7.0
128 silly currentTree +-- aws4@1.6.0
128 silly currentTree +-- bcrypt-pbkdf@1.0.1
128 silly currentTree +-- bl@1.2.1
128 silly currentTree +-- bluebird@3.5.1
128 silly currentTree +-- boom@4.3.1
128 silly currentTree +-- caseless@0.12.0
128 silly currentTree +-- co@4.6.0
128 silly currentTree +-- combined-stream@1.0.5
128 silly currentTree +-- core-util-is@1.0.2
128 silly currentTree +-- cryptiles@3.1.2
128 silly currentTree | `-- boom@5.2.0
128 silly currentTree +-- dashdash@1.14.1
128 silly currentTree +-- debug@2.6.9
128 silly currentTree +-- define-properties@1.1.2
128 silly currentTree +-- delayed-stream@1.0.0
128 silly currentTree +-- depd@1.1.1
128 silly currentTree +-- dotenv@4.0.0
128 silly currentTree +-- ecc-jsbn@0.1.1
128 silly currentTree +-- end-of-stream@1.4.0
128 silly currentTree +-- es-abstract@1.9.0
128 silly currentTree +-- es-to-primitive@1.1.1
128 silly currentTree +-- eventemitter3@2.0.3
128 silly currentTree +-- extend@3.0.1
128 silly currentTree +-- extsprintf@1.3.0
128 silly currentTree +-- fast-deep-equal@1.0.0
128 silly currentTree +-- fast-json-stable-stringify@2.0.0
128 silly currentTree +-- file-type@3.9.0
128 silly currentTree +-- foreach@2.0.5
128 silly currentTree +-- forever-agent@0.6.1
128 silly currentTree +-- form-data@2.3.1
128 silly currentTree +-- function-bind@1.1.1
128 silly currentTree +-- getpass@0.1.7
128 silly currentTree +-- har-schema@2.0.0
128 silly currentTree +-- har-validator@5.0.3
128 silly currentTree +-- has@1.0.1
128 silly currentTree +-- hawk@6.0.2
128 silly currentTree +-- hoek@4.2.0
128 silly currentTree +-- http-signature@1.2.0
128 silly currentTree +-- inherits@2.0.3
128 silly currentTree +-- is-callable@1.1.3
128 silly currentTree +-- is-date-object@1.0.1
128 silly currentTree +-- is-regex@1.0.4
128 silly currentTree +-- is-symbol@1.0.1
128 silly currentTree +-- is-typedarray@1.0.0
128 silly currentTree +-- isarray@1.0.0
128 silly currentTree +-- isstream@0.1.2
128 silly currentTree +-- jsbn@0.1.1
128 silly currentTree +-- json-schema-traverse@0.3.1
128 silly currentTree +-- json-schema@0.2.3
128 silly currentTree +-- json-stringify-safe@5.0.1
128 silly currentTree +-- jsprim@1.4.1
128 silly currentTree +-- lodash@4.17.4
128 silly currentTree +-- mime-db@1.30.0
128 silly currentTree +-- mime-types@2.1.17
128 silly currentTree +-- mime@1.4.1
128 silly currentTree +-- ms@2.0.0
128 silly currentTree +-- node-telegram-bot-api@0.29.0
128 silly currentTree +-- oauth-sign@0.8.2
128 silly currentTree +-- object-keys@1.0.11
128 silly currentTree +-- once@1.4.0
128 silly currentTree +-- performance-now@2.1.0
128 silly currentTree +-- process-nextick-args@1.0.7
128 silly currentTree +-- pump@1.0.2
128 silly currentTree +-- punycode@1.4.1
128 silly currentTree +-- qs@6.5.1
128 silly currentTree +-- readable-stream@2.3.3
128 silly currentTree +-- request-promise-core@1.1.1
128 silly currentTree +-- request-promise@4.2.2
128 silly currentTree +-- request@2.83.0
128 silly currentTree +-- safe-buffer@5.1.1
128 silly currentTree +-- sntp@2.1.0
128 silly currentTree +-- sshpk@1.13.1
128 silly currentTree +-- stealthy-require@1.1.1
128 silly currentTree +-- string_decoder@1.0.3
128 silly currentTree +-- stringstream@0.0.5
128 silly currentTree +-- tough-cookie@2.3.3
128 silly currentTree +-- tunnel-agent@0.6.0
128 silly currentTree +-- tweetnacl@0.14.5
128 silly currentTree +-- util-deprecate@1.0.2
128 silly currentTree +-- uuid@3.1.0
128 silly currentTree +-- verror@1.10.0
128 silly currentTree `-- wrappy@1.0.2
129 silly idealTree caught-bot@1.0.0
129 silly idealTree +-- ajv@5.3.0
129 silly idealTree +-- array.prototype.findindex@2.0.2
129 silly idealTree +-- asn1@0.2.3
129 silly idealTree +-- assert-plus@1.0.0
129 silly idealTree +-- asynckit@0.4.0
129 silly idealTree +-- aws-sign2@0.7.0
129 silly idealTree +-- aws4@1.6.0
129 silly idealTree +-- bcrypt-pbkdf@1.0.1
129 silly idealTree +-- bl@1.2.1
129 silly idealTree +-- bluebird@3.5.1
129 silly idealTree +-- boom@4.3.1
129 silly idealTree +-- caseless@0.12.0
129 silly idealTree +-- co@4.6.0
129 silly idealTree +-- combined-stream@1.0.5
129 silly idealTree +-- core-util-is@1.0.2
129 silly idealTree +-- cryptiles@3.1.2
129 silly idealTree | `-- boom@5.2.0
129 silly idealTree +-- dashdash@1.14.1
129 silly idealTree +-- debug@2.6.9
129 silly idealTree +-- define-properties@1.1.2
129 silly idealTree +-- delayed-stream@1.0.0
129 silly idealTree +-- depd@1.1.1
129 silly idealTree +-- dotenv@4.0.0
129 silly idealTree +-- ecc-jsbn@0.1.1
129 silly idealTree +-- end-of-stream@1.4.0
129 silly idealTree +-- es-abstract@1.9.0
129 silly idealTree +-- es-to-primitive@1.1.1
129 silly idealTree +-- eventemitter3@2.0.3
129 silly idealTree +-- extend@3.0.1
129 silly idealTree +-- extsprintf@1.3.0
129 silly idealTree +-- fast-deep-equal@1.0.0
129 silly idealTree +-- fast-json-stable-stringify@2.0.0
129 silly idealTree +-- file-type@3.9.0
129 silly idealTree +-- foreach@2.0.5
129 silly idealTree +-- forever-agent@0.6.1
129 silly idealTree +-- form-data@2.3.1
129 silly idealTree +-- function-bind@1.1.1
129 silly idealTree +-- getpass@0.1.7
129 silly idealTree +-- har-schema@2.0.0
129 silly idealTree +-- har-validator@5.0.3
129 silly idealTree +-- has@1.0.1
129 silly idealTree +-- hawk@6.0.2
129 silly idealTree +-- hoek@4.2.0
129 silly idealTree +-- http-signature@1.2.0
129 silly idealTree +-- inherits@2.0.3
129 silly idealTree +-- is-callable@1.1.3
129 silly idealTree +-- is-date-object@1.0.1
129 silly idealTree +-- is-regex@1.0.4
129 silly idealTree +-- is-symbol@1.0.1
129 silly idealTree +-- is-typedarray@1.0.0
129 silly idealTree +-- isarray@1.0.0
129 silly idealTree +-- isstream@0.1.2
129 silly idealTree +-- jsbn@0.1.1
129 silly idealTree +-- json-schema-traverse@0.3.1
129 silly idealTree +-- json-schema@0.2.3
129 silly idealTree +-- json-stringify-safe@5.0.1
129 silly idealTree +-- jsprim@1.4.1
129 silly idealTree +-- lodash@4.17.4
129 silly idealTree +-- mime-db@1.30.0
129 silly idealTree +-- mime-types@2.1.17
129 silly idealTree +-- mime@1.4.1
129 silly idealTree +-- ms@2.0.0
129 silly idealTree +-- nan@2.7.0
129 silly idealTree +-- node-telegram-bot-api@0.29.0
129 silly idealTree +-- oauth-sign@0.8.2
129 silly idealTree +-- object-keys@1.0.11
129 silly idealTree +-- once@1.4.0
129 silly idealTree +-- performance-now@2.1.0
129 silly idealTree +-- process-nextick-args@1.0.7
129 silly idealTree +-- pump@1.0.2
129 silly idealTree +-- punycode@1.4.1
129 silly idealTree +-- qs@6.5.1
129 silly idealTree +-- readable-stream@2.3.3
129 silly idealTree +-- request-promise-core@1.1.1
129 silly idealTree +-- request-promise@4.2.2
129 silly idealTree +-- request@2.83.0
129 silly idealTree +-- safe-buffer@5.1.1
129 silly idealTree +-- sleep@5.1.1
129 silly idealTree +-- sntp@2.1.0
129 silly idealTree +-- sshpk@1.13.1
129 silly idealTree +-- stealthy-require@1.1.1
129 silly idealTree +-- string_decoder@1.0.3
129 silly idealTree +-- stringstream@0.0.5
129 silly idealTree +-- tough-cookie@2.3.3
129 silly idealTree +-- tunnel-agent@0.6.0
129 silly idealTree +-- tweetnacl@0.14.5
129 silly idealTree +-- util-deprecate@1.0.2
129 silly idealTree +-- uuid@3.1.0
129 silly idealTree +-- verror@1.10.0
129 silly idealTree `-- wrappy@1.0.2
130 silly generateActionsToTake Starting
131 silly install generateActionsToTake
132 silly generateActionsToTake Finishing
133 silly diffTrees action count 2
134 silly diffTrees add nan@2.7.0
135 silly diffTrees add sleep@5.1.1
136 silly decomposeActions action count 16
137 silly decomposeActions fetch nan@2.7.0
138 silly decomposeActions extract nan@2.7.0
139 silly decomposeActions test nan@2.7.0
140 silly decomposeActions preinstall nan@2.7.0
141 silly decomposeActions build nan@2.7.0
142 silly decomposeActions install nan@2.7.0
143 silly decomposeActions postinstall nan@2.7.0
144 silly decomposeActions finalize nan@2.7.0
145 silly decomposeActions fetch sleep@5.1.1
146 silly decomposeActions extract sleep@5.1.1
147 silly decomposeActions test sleep@5.1.1
148 silly decomposeActions preinstall sleep@5.1.1
149 silly decomposeActions build sleep@5.1.1
150 silly decomposeActions install sleep@5.1.1
151 silly decomposeActions postinstall sleep@5.1.1
152 silly decomposeActions finalize sleep@5.1.1
153 silly runTopLevelLifecycles Starting
154 silly executeActions Starting
155 silly install executeActions
156 silly doSerial global-install 0
157 silly doParallel fetch 2
158 verbose correctMkdir C:\Users\Joey\AppData\Roaming\npm-cache\_locks correctMkdir not in flight; initializing
159 verbose lock using C:\Users\Joey\AppData\Roaming\npm-cache\_locks\staging-64e62c6da34f2d40.lock for C:\devl\caught-bot\node_modules\.staging
160 silly doParallel extract 2
161 silly extract nan@2.7.0
162 silly extract sleep@5.1.1
163 verbose unbuild node_modules\.staging\nan-93c4dc17
164 verbose unbuild node_modules\.staging\sleep-235c4c52
165 silly gentlyRm C:\devl\caught-bot\node_modules\.staging\nan-93c4dc17 is being purged from base C:\devl\caught-bot
166 verbose gentlyRm don't care about contents; nuking C:\devl\caught-bot\node_modules\.staging\nan-93c4dc17
167 silly gentlyRm C:\devl\caught-bot\node_modules\.staging\sleep-235c4c52 is being purged from base C:\devl\caught-bot
168 verbose gentlyRm don't care about contents; nuking C:\devl\caught-bot\node_modules\.staging\sleep-235c4c52
169 verbose tar unpack C:\Users\Joey\AppData\Roaming\npm-cache\nan\2.7.0\package.tgz
170 verbose tar unpacking to C:\devl\caught-bot\node_modules\.staging\nan-93c4dc17
171 silly gentlyRm C:\devl\caught-bot\node_modules\.staging\nan-93c4dc17 is being purged
172 verbose gentlyRm don't care about contents; nuking C:\devl\caught-bot\node_modules\.staging\nan-93c4dc17
173 verbose tar unpack C:\Users\Joey\AppData\Roaming\npm-cache\sleep\5.1.1\package.tgz
174 verbose tar unpacking to C:\devl\caught-bot\node_modules\.staging\sleep-235c4c52
175 silly gentlyRm C:\devl\caught-bot\node_modules\.staging\sleep-235c4c52 is being purged
176 verbose gentlyRm don't care about contents; nuking C:\devl\caught-bot\node_modules\.staging\sleep-235c4c52
177 silly gunzTarPerm modes [ '777', '666' ]
178 silly gunzTarPerm modes [ '777', '666' ]
179 silly gunzTarPerm extractEntry package.json
180 silly gunzTarPerm modified mode [ 'package.json', 436, 438 ]
181 silly gunzTarPerm extractEntry package.json
182 silly gunzTarPerm modified mode [ 'package.json', 436, 438 ]
183 silly gunzTarPerm extractEntry README.md
184 silly gunzTarPerm modified mode [ 'README.md', 436, 438 ]
185 silly gunzTarPerm extractEntry .npmignore
186 silly gunzTarPerm modified mode [ '.npmignore', 436, 438 ]
187 silly gunzTarPerm extractEntry README.md
188 silly gunzTarPerm modified mode [ 'README.md', 436, 438 ]
189 silly gunzTarPerm extractEntry include_dirs.js
190 silly gunzTarPerm modified mode [ 'include_dirs.js', 436, 438 ]
191 silly gunzTarPerm extractEntry nan_converters_43_inl.h
192 silly gunzTarPerm modified mode [ 'nan_converters_43_inl.h', 436, 438 ]
193 silly gunzTarPerm extractEntry LICENSE.md
194 silly gunzTarPerm modified mode [ 'LICENSE.md', 436, 438 ]
195 silly gunzTarPerm extractEntry doc/new.md
196 silly gunzTarPerm modified mode [ 'doc/new.md', 436, 438 ]
197 silly gunzTarPerm extractEntry test.js
198 silly gunzTarPerm modified mode [ 'test.js', 436, 438 ]
199 silly gunzTarPerm extractEntry index.js
200 silly gunzTarPerm modified mode [ 'index.js', 436, 438 ]
201 silly gunzTarPerm extractEntry doc/asyncworker.md
202 silly gunzTarPerm modified mode [ 'doc/asyncworker.md', 436, 438 ]
203 silly gunzTarPerm extractEntry LICENSE.txt
204 silly gunzTarPerm modified mode [ 'LICENSE.txt', 436, 438 ]
205 silly gunzTarPerm extractEntry sleep.cc
206 silly gunzTarPerm modified mode [ 'sleep.cc', 436, 438 ]
207 silly gunzTarPerm extractEntry doc/callback.md
208 silly gunzTarPerm modified mode [ 'doc/callback.md', 436, 438 ]
209 silly gunzTarPerm extractEntry doc/converters.md
210 silly gunzTarPerm modified mode [ 'doc/converters.md', 436, 438 ]
211 silly gunzTarPerm extractEntry binding.gyp
212 silly gunzTarPerm modified mode [ 'binding.gyp', 436, 438 ]
213 silly gunzTarPerm extractEntry doc/errors.md
214 silly gunzTarPerm modified mode [ 'doc/errors.md', 436, 438 ]
215 silly gunzTarPerm extractEntry doc/json.md
216 silly gunzTarPerm modified mode [ 'doc/json.md', 436, 438 ]
217 silly gunzTarPerm extractEntry doc/maybe_types.md
218 silly gunzTarPerm modified mode [ 'doc/maybe_types.md', 436, 438 ]
219 silly gunzTarPerm extractEntry doc/methods.md
220 silly gunzTarPerm modified mode [ 'doc/methods.md', 436, 438 ]
221 silly gunzTarPerm extractEntry doc/buffers.md
222 silly gunzTarPerm modified mode [ 'doc/buffers.md', 436, 438 ]
223 silly gunzTarPerm extractEntry doc/node_misc.md
224 silly gunzTarPerm modified mode [ 'doc/node_misc.md', 436, 438 ]
225 silly gunzTarPerm extractEntry doc/object_wrappers.md
226 silly gunzTarPerm modified mode [ 'doc/object_wrappers.md', 436, 438 ]
227 silly gunzTarPerm extractEntry doc/persistent.md
228 silly gunzTarPerm modified mode [ 'doc/persistent.md', 436, 438 ]
229 silly gunzTarPerm extractEntry doc/scopes.md
230 silly gunzTarPerm modified mode [ 'doc/scopes.md', 436, 438 ]
231 silly gunzTarPerm extractEntry doc/script.md
232 silly gunzTarPerm modified mode [ 'doc/script.md', 436, 438 ]
233 silly gunzTarPerm extractEntry doc/string_bytes.md
234 silly gunzTarPerm modified mode [ 'doc/string_bytes.md', 436, 438 ]
235 silly gunzTarPerm extractEntry doc/v8_internals.md
236 silly gunzTarPerm modified mode [ 'doc/v8_internals.md', 436, 438 ]
237 silly gentlyRm C:\devl\caught-bot\node_modules\.staging\sleep-235c4c52\node_modules is being purged
238 verbose gentlyRm don't care about contents; nuking C:\devl\caught-bot\node_modules\.staging\sleep-235c4c52\node_modules
239 silly gunzTarPerm extractEntry doc/v8_misc.md
240 silly gunzTarPerm modified mode [ 'doc/v8_misc.md', 436, 438 ]
241 silly gunzTarPerm extractEntry nan.h
242 silly gunzTarPerm modified mode [ 'nan.h', 436, 438 ]
243 silly gunzTarPerm extractEntry nan_callbacks.h
244 silly gunzTarPerm modified mode [ 'nan_callbacks.h', 436, 438 ]
245 silly gunzTarPerm extractEntry nan_callbacks_12_inl.h
246 silly gunzTarPerm modified mode [ 'nan_callbacks_12_inl.h', 436, 438 ]
247 silly gunzTarPerm extractEntry nan_callbacks_pre_12_inl.h
248 silly gunzTarPerm modified mode [ 'nan_callbacks_pre_12_inl.h', 436, 438 ]
249 silly gunzTarPerm extractEntry nan_converters.h
250 silly gunzTarPerm modified mode [ 'nan_converters.h', 436, 438 ]
251 silly gunzTarPerm extractEntry nan_converters_pre_43_inl.h
252 silly gunzTarPerm modified mode [ 'nan_converters_pre_43_inl.h', 436, 438 ]
253 silly gunzTarPerm extractEntry nan_implementation_12_inl.h
254 silly gunzTarPerm modified mode [ 'nan_implementation_12_inl.h', 436, 438 ]
255 silly gunzTarPerm extractEntry nan_implementation_pre_12_inl.h
256 silly gunzTarPerm modified mode [ 'nan_implementation_pre_12_inl.h', 436, 438 ]
257 silly gunzTarPerm extractEntry nan_json.h
258 silly gunzTarPerm modified mode [ 'nan_json.h', 436, 438 ]
259 silly gunzTarPerm extractEntry nan_maybe_43_inl.h
260 silly gunzTarPerm modified mode [ 'nan_maybe_43_inl.h', 436, 438 ]
261 silly gunzTarPerm extractEntry nan_maybe_pre_43_inl.h
262 silly gunzTarPerm modified mode [ 'nan_maybe_pre_43_inl.h', 436, 438 ]
263 silly gunzTarPerm extractEntry nan_new.h
264 silly gunzTarPerm modified mode [ 'nan_new.h', 436, 438 ]
265 silly gunzTarPerm extractEntry nan_object_wrap.h
266 silly gunzTarPerm modified mode [ 'nan_object_wrap.h', 436, 438 ]
267 silly gunzTarPerm extractEntry nan_persistent_12_inl.h
268 silly gunzTarPerm modified mode [ 'nan_persistent_12_inl.h', 436, 438 ]
269 silly gunzTarPerm extractEntry nan_persistent_pre_12_inl.h
270 silly gunzTarPerm modified mode [ 'nan_persistent_pre_12_inl.h', 436, 438 ]
271 silly gunzTarPerm extractEntry nan_private.h
272 silly gunzTarPerm modified mode [ 'nan_private.h', 436, 438 ]
273 silly gunzTarPerm extractEntry nan_string_bytes.h
274 silly gunzTarPerm modified mode [ 'nan_string_bytes.h', 436, 438 ]
275 silly gunzTarPerm extractEntry nan_typedarray_contents.h
276 silly gunzTarPerm modified mode [ 'nan_typedarray_contents.h', 436, 438 ]
277 silly gunzTarPerm extractEntry nan_weak.h
278 silly gunzTarPerm modified mode [ 'nan_weak.h', 436, 438 ]
279 silly gunzTarPerm extractEntry CHANGELOG.md
280 silly gunzTarPerm modified mode [ 'CHANGELOG.md', 436, 438 ]
281 silly gunzTarPerm extractEntry tools/package.json
282 silly gunzTarPerm modified mode [ 'tools/package.json', 436, 438 ]
283 silly gunzTarPerm extractEntry tools/README.md
284 silly gunzTarPerm modified mode [ 'tools/README.md', 436, 438 ]
285 silly gunzTarPerm extractEntry tools/1to2.js
286 silly gunzTarPerm modified mode [ 'tools/1to2.js', 509, 511 ]
287 silly gentlyRm C:\devl\caught-bot\node_modules\.staging\nan-93c4dc17\node_modules is being purged
288 verbose gentlyRm don't care about contents; nuking C:\devl\caught-bot\node_modules\.staging\nan-93c4dc17\node_modules
289 silly doParallel preinstall 2
290 silly preinstall nan@2.7.0 C:\devl\caught-bot\node_modules\.staging\nan-93c4dc17
291 info lifecycle nan@2.7.0~preinstall: nan@2.7.0
292 silly preinstall sleep@5.1.1 C:\devl\caught-bot\node_modules\.staging\sleep-235c4c52
293 info lifecycle sleep@5.1.1~preinstall: sleep@5.1.1
294 silly lifecycle nan@2.7.0~preinstall: no script for preinstall, continuing
295 silly lifecycle sleep@5.1.1~preinstall: no script for preinstall, continuing
296 silly doReverseSerial remove 0
297 silly doSerial move 0
298 silly doSerial finalize 2
299 silly finalize C:\devl\caught-bot\node_modules\nan
300 silly finalize C:\devl\caught-bot\node_modules\sleep
301 silly doSerial build 2
302 silly build nan@2.7.0
303 info linkStuff nan@2.7.0
304 silly linkStuff nan@2.7.0 has C:\devl\caught-bot\node_modules as its parent node_modules
305 verbose linkBins nan@2.7.0
306 verbose linkMans nan@2.7.0
307 silly build sleep@5.1.1
308 info linkStuff sleep@5.1.1
309 silly linkStuff sleep@5.1.1 has C:\devl\caught-bot\node_modules as its parent node_modules
310 verbose linkBins sleep@5.1.1
311 verbose linkMans sleep@5.1.1
312 silly doSerial global-link 0
313 silly doParallel update-linked 0
314 silly doSerial install 2
315 silly install nan@2.7.0 C:\devl\caught-bot\node_modules\.staging\nan-93c4dc17
316 info lifecycle nan@2.7.0~install: nan@2.7.0
317 silly lifecycle nan@2.7.0~install: no script for install, continuing
318 silly install sleep@5.1.1 C:\devl\caught-bot\node_modules\.staging\sleep-235c4c52
319 info lifecycle sleep@5.1.1~install: sleep@5.1.1
320 verbose lifecycle sleep@5.1.1~install: unsafe-perm in lifecycle true
321 verbose lifecycle sleep@5.1.1~install: PATH: C:\Program Files\nodejs\node_modules\npm\bin\node-gyp-bin;C:\devl\caught-bot\node_modules\sleep\node_modules\.bin;C:\devl\caught-bot\node_modules\.bin;C:\ProgramData\Oracle\Java\javapath;C:\WINDOWS\system32;C:\WINDOWS;C:\WINDOWS\System32\Wbem;C:\WINDOWS\System32\WindowsPowerShell\v1.0\;C:\Program Files\nodejs\;C:\Users\Joey\AppData\Local\Programs\Python\Python36-32\Scripts\;C:\Users\Joey\AppData\Local\Programs\Python\Python36-32\;c:\jruby-9.1.7.0\bin;C:\Users\Joey\AppData\Local\Microsoft\WindowsApps;;C:\Program Files (x86)\Microsoft VS Code\bin;C:\Users\Joey\AppData\Roaming\npm
322 verbose lifecycle sleep@5.1.1~install: CWD: C:\devl\caught-bot\node_modules\sleep
323 silly lifecycle sleep@5.1.1~install: Args: [ '/d /s /c', 'node-gyp rebuild' ]
324 silly lifecycle sleep@5.1.1~install: Returned: code: 1  signal: null
325 info lifecycle sleep@5.1.1~install: Failed to exec install script
326 verbose unlock done using C:\Users\Joey\AppData\Roaming\npm-cache\_locks\staging-64e62c6da34f2d40.lock for C:\devl\caught-bot\node_modules\.staging
327 silly rollbackFailedOptional Starting
328 silly rollbackFailedOptional Finishing
329 silly runTopLevelLifecycles Finishing
330 silly install printInstalled
331 warn caught-bot@1.0.0 No description
332 verbose If you need help, you may report this error at:
332 verbose     <https://github.com/npm/npm/issues>
333 warn caught-bot@1.0.0 No repository field.
334 verbose If you need help, you may report this error at:
334 verbose     <https://github.com/npm/npm/issues>
335 verbose stack Error: sleep@5.1.1 install: `node-gyp rebuild`
335 verbose stack Exit status 1
335 verbose stack     at EventEmitter.<anonymous> (C:\Program Files\nodejs\node_modules\npm\lib\utils\lifecycle.js:255:16)
335 verbose stack     at emitTwo (events.js:106:13)
335 verbose stack     at EventEmitter.emit (events.js:191:7)
335 verbose stack     at ChildProcess.<anonymous> (C:\Program Files\nodejs\node_modules\npm\lib\utils\spawn.js:40:14)
335 verbose stack     at emitTwo (events.js:106:13)
335 verbose stack     at ChildProcess.emit (events.js:191:7)
335 verbose stack     at maybeClose (internal/child_process.js:877:16)
335 verbose stack     at Process.ChildProcess._handle.onexit (internal/child_process.js:226:5)
336 verbose pkgid sleep@5.1.1
337 verbose cwd C:\devl\caught-bot
338 error Windows_NT 10.0.15063
339 error argv "C:\\Program Files\\nodejs\\node.exe" "C:\\Program Files\\nodejs\\node_modules\\npm\\bin\\npm-cli.js" "i" "--save" "sleep"
340 error node v6.9.5
341 error npm  v3.10.10
342 error code ELIFECYCLE
343 error sleep@5.1.1 install: `node-gyp rebuild`
343 error Exit status 1
344 error Failed at the sleep@5.1.1 install script 'node-gyp rebuild'.
344 error Make sure you have the latest version of node.js and npm installed.
344 error If you do, this is most likely a problem with the sleep package,
344 error not with npm itself.
344 error Tell the author that this fails on your system:
344 error     node-gyp rebuild
344 error You can get information on how to open an issue for this project with:
344 error     npm bugs sleep
344 error Or if that isn't available, you can get their info via:
344 error     npm owner ls sleep
344 error There is likely additional logging output above.
345 verbose exit [ 1, true ]
